<?xml version="1.0" encoding="UTF-8"?>
<!-- Generated by org.testng.reporters.JUnitReportReporter -->
<testsuite hostname="Admins-MBP.Dlink" name="com.qa.PageTests.LoginPageTest" tests="2" failures="0" timestamp="19 Nov 2018 08:31:43 GMT" time="10.859" errors="0">
  <testcase name="loginPageTitleTest" time="5.824" classname="com.qa.PageTests.LoginPageTest"/>
  <testcase name="crmLogoImageTest" time="5.035" classname="com.qa.PageTests.LoginPageTest"/>
</testsuite> <!-- com.qa.PageTests.LoginPageTest -->
